#
# There is insufficient memory for the Java Runtime Environment to continue.
# Native memory allocation (mmap) failed to map 536870912 bytes. Error detail: G1 virtual space
# Possible reasons:
#   The system is out of physical RAM or swap space
#   This process is running with CompressedOops enabled, and the Java Heap may be blocking the growth of the native heap
# Possible solutions:
#   Reduce memory load on the system
#   Increase physical memory or swap space
#   Check if swap backing store is full
#   Decrease Java heap size (-Xmx/-Xms)
#   Decrease number of Java threads
#   Decrease Java thread stack sizes (-Xss)
#   Set larger code cache with -XX:ReservedCodeCacheSize=
#   JVM is running with Zero Based Compressed Oops mode in which the Java heap is
#     placed in the first 32GB address space. The Java Heap base address is the
#     maximum limit for the native heap growth. Please use -XX:HeapBaseMinAddress
#     to set the Java Heap base and to place the Java Heap above 32GB virtual address.
# This output file may be truncated or incomplete.
#
#  Out of Memory Error (os_windows.cpp:3554), pid=36192, tid=39712
#
# JRE version:  (25.0+37) (build )
# Java VM: Java HotSpot(TM) 64-Bit Server VM (25+37-LTS-3491, mixed mode, sharing, tiered, compressed oops, compressed class ptrs, g1 gc, windows-amd64)
# No core dump will be written. Minidumps are not enabled by default on client versions of Windows
#

---------------  S U M M A R Y ------------

Command Line: -Dfile.encoding=UTF-8 -Dstdout.encoding=UTF-8 -Dstderr.encoding=UTF-8 -XX:+ShowCodeDetailsInExceptionMessages main.Übungen

Host: AMD Ryzen 7 1700 Eight-Core Processor          , 16 cores, 31G,  Windows 10 , 64 bit Build 19041 (10.0.19041.5915)
Time: Wed Nov  5 04:20:49 2025 W. Europe Standard Time elapsed time: 0.027907 seconds (0d 0h 0m 0s)

---------------  T H R E A D  ---------------

Current thread (0x000001de9f0a6f70):  JavaThread "Unknown thread" [_thread_in_vm, id=39712, stack(0x000000d798300000,0x000000d798400000) (1024K)]

Stack: [0x000000d798300000,0x000000d798400000]
Native frames: (J=compiled Java code, j=interpreted, Vv=VM code, C=native code)
V  [jvm.dll+0x7a6a39]  (no source info available)
V  [jvm.dll+0x7727ed]  (no source info available)
V  [jvm.dll+0x965f33]  (no source info available)
V  [jvm.dll+0x968531]  (no source info available)
V  [jvm.dll+0x968c33]  (no source info available)
V  [jvm.dll+0x2fc756]  (no source info available)
V  [jvm.dll+0x7a2c65]  (no source info available)
V  [jvm.dll+0x796077]  (no source info available)
V  [jvm.dll+0x3f4698]  (no source info available)
V  [jvm.dll+0x3fc5b6]  (no source info available)
V  [jvm.dll+0x3e8c8e]  (no source info available)
V  [jvm.dll+0x3e8f48]  (no source info available)
V  [jvm.dll+0x3c0045]  (no source info available)
V  [jvm.dll+0x3c0cce]  (no source info available)
V  [jvm.dll+0x92c647]  (no source info available)
V  [jvm.dll+0x458b62]  (no source info available)
V  [jvm.dll+0x90fff2]  (no source info available)
V  [jvm.dll+0x4f9001]  (no source info available)
V  [jvm.dll+0x4fa891]  (no source info available)
C  [jli.dll+0x543e]  (no source info available)
C  [ucrtbase.dll+0x21bb2]  (no source info available)
C  [KERNEL32.DLL+0x17374]  (no source info available)
C  [ntdll.dll+0x4cc91]  (no source info available)

Lock stack of current Java thread (top to bottom):


---------------  P R O C E S S  ---------------

Threads class SMR info:
_java_thread_list=0x00007ff84a2d5308, length=0, elements={
}

Java Threads: ( => current thread )
Total: 0

Other Threads:
  0x000001dea2095540 WorkerThread "GC Thread#0"                     [id=49072, stack(0x000000d798400000,0x000000d798500000) (1024K)]
  0x000001dec40b4010 ConcurrentGCThread "G1 Main Marker"            [id=32796, stack(0x000000d798500000,0x000000d798600000) (1024K)]
  0x000001dea209bef0 WorkerThread "G1 Conc#0"                       [id=50284, stack(0x000000d798600000,0x000000d798700000) (1024K)]

[error occurred during error reporting (printing all threads), id 0xc0000005, EXCEPTION_ACCESS_VIOLATION (0xc0000005) at pc=0x00007ff8499b4c2a]
VM state: not at safepoint (not fully initialized)

VM Mutex/Monitor currently owned by a thread:  ([mutex/lock_event])
[0x00007ff84a359628] Heap_lock - owner thread: 0x000001de9f0a6f70

Heap address: 0x0000000601000000, size: 8176 MB, Compressed Oops mode: Zero based, Oop shift amount: 3

CDS archive(s) mapped at: [0x0000000000000000-0x0000000000000000-0x0000000000000000), size 0, SharedBaseAddress: 0x0000000800000000, ArchiveRelocationMode: 1.
UseCompressedClassPointers 1, UseCompactObjectHeaders 0
Narrow klass pointer bits 32, Max shift 3
Narrow klass base: 0xffffffffffffffff, Narrow klass shift: -1
Encoding Range: [0xffffffffffffffff - 0x000000007fffffff), (2147483648 bytes)
Klass Range:    [0x0000000000000000 - 0x0000000000000000), (0 bytes)
Klass ID Range:  [4294967295 - 0) (1)
No protection zone.

GC Precious Log:
 CardTable entry size: 512
 Card Set container configuration: InlinePtr #cards 4 size 8 Array Of Cards #cards 32 size 80 Howl #buckets 8 coarsen threshold 7372 Howl Bitmap #cards 1024 size 144 coarsen threshold 921 Card regions per heap region 1 cards per card region 8192

Heap:
 garbage-first heap   total reserved 8372224K, committed 0K, used 0K [0x0000000601000000, 0x0000000800000000)
  region size 4096K, 0 young (0K), 0 survivors (0K)

Heap Regions: E=young(eden), S=young(survivor), O=old, HS=humongous(starts), HC=humongous(continues), CS=collection set, F=free, TAMS=top-at-mark-start, PB=parsable bottom

Card table byte_map: [0x000001debb0e0000,0x000001debc0e0000] _byte_map_base: 0x000001deb80d8000

Marking Bits: (CMBitMap*) 0x000001dea2096ce0
 Bits: [0x000001debc0e0000, 0x000001dec40a0000)

GC Heap Usage History (0 events):
No events

Metaspace Usage History (0 events):
No events

Dll operation events (1 events):
Event: 0.021 Loaded shared library C:\Program Files\Java\jdk-25\bin\java.dll

Deoptimization events (0 events):
No events

Classes loaded (0 events):
No events

Classes unloaded (0 events):
No events

Classes redefined (0 events):
No events

Internal exceptions (0 events):
No events

VM Operations (0 events):
No events

Memory protections (0 events):
No events

Nmethod flushes (0 events):
No events

Events (0 events):
No events


Dynamic libraries:
0x00007ff7786d0000 - 0x00007ff7786e0000 	C:\Program Files\Java\jdk-25\bin\javaw.exe
0x00007ff903650000 - 0x00007ff903848000 	C:\Windows\SYSTEM32\ntdll.dll
0x00007ff903030000 - 0x00007ff9030f2000 	C:\Windows\System32\KERNEL32.DLL
0x00007ff901070000 - 0x00007ff901366000 	C:\Windows\System32\KERNELBASE.dll
0x00007ff8a4230000 - 0x00007ff8a430b000 	C:\Program Files\Bitdefender\Bitdefender Security\bdhkm\dlls_268015866730526702\bdhkm64.dll
0x00007ff8a37d0000 - 0x00007ff8a39a9000 	C:\Program Files\Bitdefender\Bitdefender Security\atcuf\dlls_268015866709236885\atcuf64.dll
0x00007ff8fd900000 - 0x00007ff8fd994000 	C:\Windows\SYSTEM32\apphelp.dll
0x00007ff900e10000 - 0x00007ff900f10000 	C:\Windows\System32\ucrtbase.dll
0x00007ff8cce70000 - 0x00007ff8cce87000 	C:\Program Files\Java\jdk-25\bin\jli.dll
0x00007ff9021f0000 - 0x00007ff902391000 	C:\Windows\System32\USER32.dll
0x00007ff901370000 - 0x00007ff901392000 	C:\Windows\System32\win32u.dll
0x00007ff903530000 - 0x00007ff90355b000 	C:\Windows\System32\GDI32.dll
0x00007ff9014c0000 - 0x00007ff9015d9000 	C:\Windows\System32\gdi32full.dll
0x00007ff901420000 - 0x00007ff9014bd000 	C:\Windows\System32\msvcp_win.dll
0x00007ff8cce50000 - 0x00007ff8cce6e000 	C:\Program Files\Java\jdk-25\bin\VCRUNTIME140.dll
0x00007ff8e8240000 - 0x00007ff8e84db000 	C:\Windows\WinSxS\amd64_microsoft.windows.common-controls_6595b64144ccf1df_6.0.19041.6456_none_60b8a6cb71f64256\COMCTL32.dll
0x00007ff9032c0000 - 0x00007ff90335e000 	C:\Windows\System32\msvcrt.dll
0x00007ff9019f0000 - 0x00007ff901a1f000 	C:\Windows\System32\IMM32.DLL
0x00007ff8fd540000 - 0x00007ff8fd54c000 	C:\Program Files\Java\jdk-25\bin\vcruntime140_1.dll
0x00007ff8c81c0000 - 0x00007ff8c824d000 	C:\Program Files\Java\jdk-25\bin\msvcp140.dll
0x00007ff8495e0000 - 0x00007ff84a43f000 	C:\Program Files\Java\jdk-25\bin\server\jvm.dll
0x00007ff9023b0000 - 0x00007ff902461000 	C:\Windows\System32\ADVAPI32.dll
0x00007ff902f90000 - 0x00007ff90302f000 	C:\Windows\System32\sechost.dll
0x00007ff903360000 - 0x00007ff903480000 	C:\Windows\System32\RPCRT4.dll
0x00007ff900d30000 - 0x00007ff900d57000 	C:\Windows\System32\bcrypt.dll
0x00007ff9026f0000 - 0x00007ff90275b000 	C:\Windows\System32\WS2_32.dll
0x00007ff900270000 - 0x00007ff9002bb000 	C:\Windows\SYSTEM32\POWRPROF.dll
0x00007ff8fdd80000 - 0x00007ff8fdda7000 	C:\Windows\SYSTEM32\WINMM.dll
0x00007ff8f9d10000 - 0x00007ff8f9d1a000 	C:\Windows\SYSTEM32\VERSION.dll
0x00007ff9000e0000 - 0x00007ff9000f2000 	C:\Windows\SYSTEM32\UMPDC.dll
0x00007ff8feb70000 - 0x00007ff8feb82000 	C:\Windows\SYSTEM32\kernel.appcore.dll
0x00007ff8c9f40000 - 0x00007ff8c9f4a000 	C:\Program Files\Java\jdk-25\bin\jimage.dll
0x00007ff8ee8f0000 - 0x00007ff8eeaf1000 	C:\Windows\SYSTEM32\DBGHELP.DLL
0x00007ff8cef80000 - 0x00007ff8cefb4000 	C:\Windows\SYSTEM32\dbgcore.DLL
0x00007ff9015e0000 - 0x00007ff901662000 	C:\Windows\System32\bcryptPrimitives.dll
0x00007ff8c8f60000 - 0x00007ff8c8f7f000 	C:\Program Files\Java\jdk-25\bin\java.dll
0x00007ff903190000 - 0x00007ff9032bb000 	C:\Windows\System32\ole32.dll
0x00007ff901e90000 - 0x00007ff9021e4000 	C:\Windows\System32\combase.dll
0x00007ff902820000 - 0x00007ff902f90000 	C:\Windows\System32\SHELL32.dll

JVMTI agents: none

dbghelp: loaded successfully - version: 4.0.5 - missing functions: none
symbol engine: initialized successfully - sym options: 0x614 - pdb path: .;C:\Program Files\Java\jdk-25\bin;C:\Windows\SYSTEM32;C:\Program Files\Bitdefender\Bitdefender Security\bdhkm\dlls_268015866730526702;C:\Program Files\Bitdefender\Bitdefender Security\atcuf\dlls_268015866709236885;C:\Windows\WinSxS\amd64_microsoft.windows.common-controls_6595b64144ccf1df_6.0.19041.6456_none_60b8a6cb71f64256;C:\Program Files\Java\jdk-25\bin\server

VM Arguments:
jvm_args: -Dfile.encoding=UTF-8 -Dstdout.encoding=UTF-8 -Dstderr.encoding=UTF-8 -XX:+ShowCodeDetailsInExceptionMessages 
java_command: main.Übungen
java_class_path (initial): C:\Users\tyler\Documents\GitHub\Eclipse\Übungen\bin
Launcher Type: SUN_STANDARD

[Global flags]
     intx CICompilerCount                          = 12                                        {product} {ergonomic}
     uint ConcGCThreads                            = 3                                         {product} {ergonomic}
     uint G1ConcRefinementThreads                  = 13                                        {product} {ergonomic}
   size_t G1HeapRegionSize                         = 4194304                                   {product} {ergonomic}
   size_t InitialHeapSize                          = 536870912                                 {product} {ergonomic}
   size_t MarkStackSize                            = 4194304                                   {product} {ergonomic}
   size_t MarkStackSizeMax                         = 536870912                                 {product} {ergonomic}
   size_t MaxHeapSize                              = 8573157376                                {product} {ergonomic}
   size_t MinHeapDeltaBytes                        = 4194304                                   {product} {ergonomic}
   size_t MinHeapSize                              = 8388608                                   {product} {ergonomic}
    uintx NonNMethodCodeHeapSize                   = 7602176                                {pd product} {ergonomic}
    uintx NonProfiledCodeHeapSize                  = 122093568                              {pd product} {ergonomic}
    uintx ProfiledCodeHeapSize                     = 121962496                              {pd product} {ergonomic}
    uintx ReservedCodeCacheSize                    = 251658240                              {pd product} {ergonomic}
     bool SegmentedCodeCache                       = true                                      {product} {ergonomic}
     bool ShowCodeDetailsInExceptionMessages       = true                                   {manageable} {command line}
   size_t SoftMaxHeapSize                          = 8573157376                             {manageable} {ergonomic}
     bool UseCompressedOops                        = true                           {product lp64_product} {ergonomic}
     bool UseG1GC                                  = true                                      {product} {ergonomic}
     bool UseLargePagesIndividualAllocation        = false                                  {pd product} {ergonomic}

Logging:
Log output configuration:
 #0: stdout all=warning uptime,level,tags foldmultilines=false
 #1: stderr all=off uptime,level,tags foldmultilines=false

Release file:
<release file has not been read>
Environment Variables:
PATH=C:\Program Files\Common Files\Oracle\Java\javapath;C:\Program Files (x86)\Common Files\Oracle\Java\java8path;C:\Program Files (x86)\Common Files\Oracle\Java\javapath;C:\Windows\system32;C:\Windows;C:\Windows\System32\Wbem;C:\Windows\System32\WindowsPowerShell\v1.0\;C:\Windows\System32\OpenSSH\;C:\Program Files\dotnet\;C:\Program Files\NVIDIA Corporation\NVIDIA app\NvDLISR;C:\Program Files (x86)\NVIDIA Corporation\PhysX\Common;C:\Program Files\Git\cmd;C:\Users\tyler\AppData\Local\Programs\Python\Python312;C:\Program Files (x86)\cloudflared\;C:\Program Files\PowerShell\7\;C:\Users\tyler\AppData\Local\Programs\Python\Launcher\;C:\Users\tyler\AppData\Local\Programs\Python\Python313\Scripts\;C:\Users\tyler\AppData\Local\Programs\Python\Python313\;C:\Users\tyler\AppData\Local\Programs\Python\Python310\Scripts\;C:\Users\tyler\AppData\Local\Programs\Python\Python310\;C:\Users\tyler\AppData\Local\Programs\Python\Python312\Scripts\;C:\Users\tyler\AppData\Local\Programs\Python\Python312\;C:\Users\tyler\AppData\Local\Microsoft\WindowsApps;C:\Users\tyler\AppData\Local\Microsoft\WinGet\Links;C:\Users\tyler\AppData\Local\Programs\Microsoft VS Code\bin;C:\PATH_Programms;C:\Users\tyler\.dotnet\tools;C:\Users\tyler\AppData\Local\GitHubDesktop\bin
USERNAME=Tyler - Local
OS=Windows_NT
PROCESSOR_IDENTIFIER=AMD64 Family 23 Model 1 Stepping 1, AuthenticAMD
TMP=C:\Users\tyler\AppData\Local\Temp
TEMP=C:\Users\tyler\AppData\Local\Temp




Compilation memory statistics disabled.

Periodic native trim disabled

---------------  S Y S T E M  ---------------

OS:
 Windows 10 , 64 bit Build 19041 (10.0.19041.5915)
OS uptime: 1 days 11:21 hours

CPU: total 16 (initial active 16) (16 cores per cpu, 2 threads per core) family 23 model 1 stepping 1 microcode 0x0, cx8, cmov, fxsr, ht, mmx, 3dnowpref, sse, sse2, sse3, ssse3, sse4a, sse4.1, sse4.2, popcnt, lzcnt, tsc, tscinvbit, avx, avx2, aes, clmul, bmi1, bmi2, adx, sha, fma, vzeroupper, clflush, clflushopt, rdtscp, f16c
Processor Information for the first 16 processors :
  Max Mhz: 3000, Current Mhz: 3000, Mhz Limit: 3000

Memory: 4k page, system-wide physical 32690M (15999M free)
TotalPageFile size 130994M (AvailPageFile size 431M)
current process WorkingSet (physical memory assigned to process): 15M, peak: 15M
current process commit charge ("private bytes"): 74M, peak: 586M

vm_info: Java HotSpot(TM) 64-Bit Server VM (25+37-LTS-3491) for windows-amd64 JRE (25+37-LTS-3491), built on 2025-08-14T21:13:00Z with unknown MS VC++:1943

END.
